c:\github\calculator\calculator\debug\vc142.pdb
c:\github\calculator\calculator\debug\vc142.idb
c:\github\calculator\calculator\debug\parser.obj
c:\github\calculator\calculator\debug\node.obj
c:\github\calculator\calculator\debug\multiplication.obj
c:\github\calculator\calculator\debug\leaf.obj
c:\github\calculator\calculator\debug\composite.obj
c:\github\calculator\calculator\debug\calculator.obj
c:\github\calculator\calculator\debug\calc.obj
c:\github\calculator\calculator\debug\addition.obj
c:\github\calculator\debug\calculator.pdb
c:\github\calculator\calculator\debug\calculator.tlog\cl.command.1.tlog
c:\github\calculator\calculator\debug\calculator.tlog\cl.read.1.tlog
c:\github\calculator\calculator\debug\calculator.tlog\cl.write.1.tlog
c:\github\calculator\calculator\debug\calculator.tlog\link-cvtres.read.1.tlog
c:\github\calculator\calculator\debug\calculator.tlog\link-cvtres.write.1.tlog
c:\github\calculator\calculator\debug\calculator.tlog\link-rc.read.1.tlog
c:\github\calculator\calculator\debug\calculator.tlog\link-rc.write.1.tlog
c:\github\calculator\calculator\debug\calculator.tlog\link.30808-cvtres.read.1.tlog
c:\github\calculator\calculator\debug\calculator.tlog\link.30808-cvtres.write.1.tlog
c:\github\calculator\calculator\debug\calculator.tlog\link.30808-rc.read.1.tlog
c:\github\calculator\calculator\debug\calculator.tlog\link.30808-rc.write.1.tlog
c:\github\calculator\calculator\debug\calculator.tlog\link.30808.read.1.tlog
c:\github\calculator\calculator\debug\calculator.tlog\link.30808.write.1.tlog
c:\github\calculator\calculator\debug\calculator.tlog\link.command.1.tlog
c:\github\calculator\calculator\debug\calculator.tlog\link.read.1.tlog
c:\github\calculator\calculator\debug\calculator.tlog\link.write.1.tlog
